C:\Program Files (x86)\MSBuild\Microsoft.Cpp\v4.0\V140\Microsoft.CppBuild.targets(367,5): warning MSB8004: Intermediate Directory does not end with a trailing slash.  This build instance will add the slash as it is required to allow proper evaluation of the Intermediate Directory.
C:\Program Files (x86)\MSBuild\Microsoft.Cpp\v4.0\V140\Microsoft.CppBuild.targets(368,5): warning MSB8004: Output Directory does not end with a trailing slash.  This build instance will add the slash as it is required to allow proper evaluation of the Output Directory.
  MapMaker.cpp
MapMaker.cpp(12): warning C4244: 'argument': conversion from 'int' to 'float', possible loss of data
MapMaker.cpp(66): warning C4244: 'argument': conversion from 'int' to 'float', possible loss of data
MapMaker.cpp(87): warning C4018: '<': signed/unsigned mismatch
MapMaker.cpp(137): warning C4018: '<': signed/unsigned mismatch
MapMaker.cpp(142): warning C4018: '<': signed/unsigned mismatch
MapMaker.cpp(263): warning C4244: '=': conversion from 'int' to 'float', possible loss of data
MapMaker.cpp(264): warning C4244: '=': conversion from 'int' to 'float', possible loss of data
MapMaker.cpp(293): warning C4244: 'argument': conversion from 'float' to 'int', possible loss of data
MapMaker.cpp(294): warning C4244: 'argument': conversion from 'float' to 'int', possible loss of data
MapMaker.cpp(308): warning C4244: 'initializing': conversion from 'float' to 'int', possible loss of data
MapMaker.cpp(309): warning C4244: 'initializing': conversion from 'float' to 'int', possible loss of data
MapMaker.cpp(317): warning C4244: 'argument': conversion from 'int' to 'float', possible loss of data
MapMaker.cpp(326): warning C4244: 'argument': conversion from 'float' to 'int', possible loss of data
MapMaker.cpp(331): warning C4244: '=': conversion from 'double' to 'int', possible loss of data
MapMaker.cpp(332): warning C4244: '=': conversion from 'double' to 'int', possible loss of data
MapMaker.cpp(333): warning C4244: 'argument': conversion from 'int' to 'float', possible loss of data
MapMaker.cpp(352): warning C4244: 'initializing': conversion from 'float' to 'int', possible loss of data
MapMaker.cpp(353): warning C4244: 'initializing': conversion from 'float' to 'int', possible loss of data
MapMaker.cpp(359): warning C4244: 'initializing': conversion from 'float' to 'int', possible loss of data
MapMaker.cpp(360): warning C4244: 'initializing': conversion from 'float' to 'int', possible loss of data
MapMaker.cpp(366): warning C4244: 'initializing': conversion from 'float' to 'int', possible loss of data
MapMaker.cpp(367): warning C4244: 'initializing': conversion from 'float' to 'int', possible loss of data
MapMaker.cpp(370): warning C4244: '=': conversion from 'int' to 'float', possible loss of data
MapMaker.cpp(371): warning C4244: '=': conversion from 'int' to 'float', possible loss of data
MapMaker.cpp(393): warning C4244: 'argument': conversion from 'float' to 'int', possible loss of data
MapMaker.cpp(405): warning C4244: 'argument': conversion from 'int' to 'float', possible loss of data
MapMaker.cpp(408): warning C4244: 'argument': conversion from 'int' to 'float', possible loss of data
MapMaker.cpp(411): warning C4244: 'argument': conversion from 'int' to 'float', possible loss of data
MapMaker.cpp(414): warning C4244: 'argument': conversion from 'int' to 'float', possible loss of data
  Generating code
  2 of 1318 functions ( 0.2%) were compiled, the rest were copied from previous compilation.
    0 functions were new in current compilation
    2 functions had inline decision re-evaluated but remain unchanged
  Finished generating code
  SFML game.vcxproj -> L:\projects\Random-Uni-Project\\game\SFML game_MapMaker.exe
