l:\projects\random-uni-project\game\vc140.pdb
l:\projects\random-uni-project\game\filemanager.obj
l:\projects\random-uni-project\game\maps.obj
l:\projects\random-uni-project\game\mapmaker.obj
l:\projects\random-uni-project\game\main.obj
l:\projects\random-uni-project\game\mapobject.obj
l:\projects\random-uni-project\game\sfml game_mapmaker.exe
l:\projects\random-uni-project\game\sfml game_mapmaker.pdb
l:\projects\random-uni-project\game\sfml game.ipdb
l:\projects\random-uni-project\game\sfml game_mapmaker.ipdb
l:\projects\random-uni-project\game\sfml game.iobj
l:\projects\random-uni-project\game\sfml game_mapmaker.iobj
l:\projects\random-uni-project\game\sfml game.pdb
l:\projects\random-uni-project\\game\sfml game_mapmaker.pdb
l:\projects\random-uni-project\\game\sfml game_mapmaker.exe
l:\projects\random-uni-project\game\sfml game.tlog\cl.command.1.tlog
l:\projects\random-uni-project\game\sfml game.tlog\cl.read.1.tlog
l:\projects\random-uni-project\game\sfml game.tlog\cl.write.1.tlog
l:\projects\random-uni-project\game\sfml game.tlog\link.command.1.tlog
l:\projects\random-uni-project\game\sfml game.tlog\link.read.1.tlog
l:\projects\random-uni-project\game\sfml game.tlog\link.write.1.tlog
