  MapMaker.cpp
MapMaker.cpp(7): warning C4244: 'argument': conversion from 'int' to 'float', possible loss of data
MapMaker.cpp(125): warning C4244: '=': conversion from 'int' to 'float', possible loss of data
MapMaker.cpp(126): warning C4244: '=': conversion from 'int' to 'float', possible loss of data
MapMaker.cpp(151): warning C4244: 'argument': conversion from 'float' to 'int', possible loss of data
MapMaker.cpp(152): warning C4244: 'argument': conversion from 'float' to 'int', possible loss of data
MapMaker.cpp(162): warning C4244: 'initializing': conversion from 'float' to 'int', possible loss of data
MapMaker.cpp(163): warning C4244: 'initializing': conversion from 'float' to 'int', possible loss of data
MapMaker.cpp(171): warning C4244: 'argument': conversion from 'int' to 'float', possible loss of data
MapMaker.cpp(183): warning C4244: 'initializing': conversion from 'float' to 'int', possible loss of data
MapMaker.cpp(184): warning C4244: 'initializing': conversion from 'float' to 'int', possible loss of data
MapMaker.cpp(190): warning C4244: 'initializing': conversion from 'float' to 'int', possible loss of data
MapMaker.cpp(191): warning C4244: 'initializing': conversion from 'float' to 'int', possible loss of data
MapMaker.cpp(197): warning C4244: 'initializing': conversion from 'float' to 'int', possible loss of data
MapMaker.cpp(198): warning C4244: 'initializing': conversion from 'float' to 'int', possible loss of data
MapMaker.cpp(201): warning C4244: '=': conversion from 'int' to 'float', possible loss of data
MapMaker.cpp(202): warning C4244: '=': conversion from 'int' to 'float', possible loss of data
MapMaker.cpp(212): warning C4244: 'argument': conversion from 'int' to 'float', possible loss of data
MapMaker.cpp(215): warning C4244: 'argument': conversion from 'int' to 'float', possible loss of data
MapMaker.cpp(218): warning C4244: 'argument': conversion from 'int' to 'float', possible loss of data
MapMaker.cpp(221): warning C4244: 'argument': conversion from 'int' to 'float', possible loss of data
  Generating code
  4 of 843 functions ( 0.5%) were compiled, the rest were copied from previous compilation.
    0 functions were new in current compilation
    11 functions had inline decision re-evaluated but remain unchanged
  Finished generating code
  SFML game.vcxproj -> L:\projects\Random-Uni-Project\Release\SFML game.exe
