  SFML game.cpp
c:\users\heath.sargent\documents\visual studio 2015\projects\sfml game\sfml game\sfml game.cpp(59): warning C4244: 'initializing': conversion from 'float' to 'int', possible loss of data
c:\users\heath.sargent\documents\visual studio 2015\projects\sfml game\sfml game\sfml game.cpp(60): warning C4244: 'initializing': conversion from 'float' to 'int', possible loss of data
c:\users\heath.sargent\documents\visual studio 2015\projects\sfml game\sfml game\sfml game.cpp(61): warning C4244: 'initializing': conversion from 'float' to 'int', possible loss of data
c:\users\heath.sargent\documents\visual studio 2015\projects\sfml game\sfml game\sfml game.cpp(62): warning C4244: 'initializing': conversion from 'float' to 'int', possible loss of data
c:\users\heath.sargent\documents\visual studio 2015\projects\sfml game\sfml game\sfml game.cpp(74): warning C4244: 'argument': conversion from 'int' to 'float', possible loss of data
c:\users\heath.sargent\documents\visual studio 2015\projects\sfml game\sfml game\sfml game.cpp(82): warning C4244: 'initializing': conversion from 'double' to 'int', possible loss of data
c:\users\heath.sargent\documents\visual studio 2015\projects\sfml game\sfml game\sfml game.cpp(83): warning C4244: 'initializing': conversion from 'double' to 'int', possible loss of data
c:\users\heath.sargent\documents\visual studio 2015\projects\sfml game\sfml game\sfml game.cpp(84): warning C4244: 'initializing': conversion from 'double' to 'int', possible loss of data
c:\users\heath.sargent\documents\visual studio 2015\projects\sfml game\sfml game\sfml game.cpp(85): warning C4244: 'initializing': conversion from 'double' to 'int', possible loss of data
c:\users\heath.sargent\documents\visual studio 2015\projects\sfml game\sfml game\sfml game.cpp(150): warning C4244: 'argument': conversion from 'float' to 'int', possible loss of data
c:\users\heath.sargent\documents\visual studio 2015\projects\sfml game\sfml game\sfml game.cpp(151): warning C4244: 'argument': conversion from 'float' to 'int', possible loss of data
c:\users\heath.sargent\documents\visual studio 2015\projects\sfml game\sfml game\sfml game.cpp(154): warning C4244: 'argument': conversion from 'float' to 'int', possible loss of data
c:\users\heath.sargent\documents\visual studio 2015\projects\sfml game\sfml game\sfml game.cpp(161): warning C4244: 'argument': conversion from 'float' to 'int', possible loss of data
c:\users\heath.sargent\documents\visual studio 2015\projects\sfml game\sfml game\sfml game.cpp(162): warning C4244: 'argument': conversion from 'float' to 'int', possible loss of data
c:\users\heath.sargent\documents\visual studio 2015\projects\sfml game\sfml game\sfml game.cpp(168): warning C4244: 'argument': conversion from 'float' to 'int', possible loss of data
c:\users\heath.sargent\documents\visual studio 2015\projects\sfml game\sfml game\sfml game.cpp(176): warning C4244: 'argument': conversion from 'float' to 'int', possible loss of data
c:\users\heath.sargent\documents\visual studio 2015\projects\sfml game\sfml game\sfml game.cpp(184): warning C4244: 'argument': conversion from 'float' to 'int', possible loss of data
c:\users\heath.sargent\documents\visual studio 2015\projects\sfml game\sfml game\sfml game.cpp(186): warning C4244: 'argument': conversion from 'float' to 'int', possible loss of data
c:\users\heath.sargent\documents\visual studio 2015\projects\sfml game\sfml game\sfml game.cpp(189): warning C4244: 'argument': conversion from 'float' to 'int', possible loss of data
c:\users\heath.sargent\documents\visual studio 2015\projects\sfml game\sfml game\sfml game.cpp(193): warning C4244: 'argument': conversion from 'float' to 'int', possible loss of data
c:\users\heath.sargent\documents\visual studio 2015\projects\sfml game\sfml game\sfml game.cpp(195): warning C4244: 'argument': conversion from 'float' to 'int', possible loss of data
c:\users\heath.sargent\documents\visual studio 2015\projects\sfml game\sfml game\sfml game.cpp(198): warning C4244: 'argument': conversion from 'float' to 'int', possible loss of data
c:\users\heath.sargent\documents\visual studio 2015\projects\sfml game\sfml game\sfml game.cpp(202): warning C4244: 'argument': conversion from 'float' to 'int', possible loss of data
c:\users\heath.sargent\documents\visual studio 2015\projects\sfml game\sfml game\sfml game.cpp(210): warning C4244: 'initializing': conversion from 'float' to 'int', possible loss of data
c:\users\heath.sargent\documents\visual studio 2015\projects\sfml game\sfml game\sfml game.cpp(211): warning C4244: 'initializing': conversion from 'float' to 'int', possible loss of data
c:\users\heath.sargent\documents\visual studio 2015\projects\sfml game\sfml game\sfml game.cpp(217): warning C4244: '=': conversion from 'int' to 'float', possible loss of data
c:\users\heath.sargent\documents\visual studio 2015\projects\sfml game\sfml game\sfml game.cpp(218): warning C4244: '=': conversion from 'int' to 'float', possible loss of data
SFML game.obj : error LNK2019: unresolved external symbol "__declspec(dllimport) public: __cdecl sf::String::String(char const *,class std::locale const &)" (__imp_??0String@sf@@QEAA@PEBDAEBVlocale@std@@@Z) referenced in function main
SFML game.obj : error LNK2019: unresolved external symbol "__declspec(dllimport) public: __cdecl sf::String::~String(void)" (__imp_??1String@sf@@QEAA@XZ) referenced in function main
SFML game.obj : error LNK2019: unresolved external symbol "__declspec(dllimport) public: static bool __cdecl sf::Keyboard::isKeyPressed(enum sf::Keyboard::Key)" (__imp_?isKeyPressed@Keyboard@sf@@SA_NW4Key@12@@Z) referenced in function "public: void __cdecl PlayerObject::PollControls(void)" (?PollControls@PlayerObject@@QEAAXXZ)
SFML game.obj : error LNK2019: unresolved external symbol "__declspec(dllimport) public: static bool __cdecl sf::Mouse::isButtonPressed(enum sf::Mouse::Button)" (__imp_?isButtonPressed@Mouse@sf@@SA_NW4Button@12@@Z) referenced in function "public: void __cdecl PlayerObject::PollControls(void)" (?PollControls@PlayerObject@@QEAAXXZ)
SFML game.obj : error LNK2019: unresolved external symbol "__declspec(dllimport) public: static class sf::Vector2<int> __cdecl sf::Mouse::getPosition(class sf::Window const &)" (__imp_?getPosition@Mouse@sf@@SA?AV?$Vector2@H@2@AEBVWindow@2@@Z) referenced in function "public: void __cdecl PlayerObject::PollControls(void)" (?PollControls@PlayerObject@@QEAAXXZ)
SFML game.obj : error LNK2019: unresolved external symbol "__declspec(dllimport) public: __cdecl sf::VideoMode::VideoMode(unsigned int,unsigned int,unsigned int)" (__imp_??0VideoMode@sf@@QEAA@III@Z) referenced in function main
SFML game.obj : error LNK2019: unresolved external symbol "__declspec(dllimport) public: void __cdecl sf::Window::close(void)" (__imp_?close@Window@sf@@QEAAXXZ) referenced in function main
SFML game.obj : error LNK2019: unresolved external symbol "__declspec(dllimport) public: bool __cdecl sf::Window::isOpen(void)const " (__imp_?isOpen@Window@sf@@QEBA_NXZ) referenced in function main
SFML game.obj : error LNK2019: unresolved external symbol "__declspec(dllimport) public: bool __cdecl sf::Window::pollEvent(class sf::Event &)" (__imp_?pollEvent@Window@sf@@QEAA_NAEAVEvent@2@@Z) referenced in function main
SFML game.obj : error LNK2019: unresolved external symbol "__declspec(dllimport) public: void __cdecl sf::Window::setVerticalSyncEnabled(bool)" (__imp_?setVerticalSyncEnabled@Window@sf@@QEAAX_N@Z) referenced in function main
SFML game.obj : error LNK2019: unresolved external symbol "__declspec(dllimport) public: void __cdecl sf::Window::setFramerateLimit(unsigned int)" (__imp_?setFramerateLimit@Window@sf@@QEAAXI@Z) referenced in function main
SFML game.obj : error LNK2019: unresolved external symbol "__declspec(dllimport) public: void __cdecl sf::Window::display(void)" (__imp_?display@Window@sf@@QEAAXXZ) referenced in function main
SFML game.obj : error LNK2019: unresolved external symbol "__declspec(dllimport) public: void __cdecl sf::Transformable::setPosition(float,float)" (__imp_?setPosition@Transformable@sf@@QEAAXMM@Z) referenced in function "public: __cdecl PlayerObject::PlayerObject(void)" (??0PlayerObject@@QEAA@XZ)
SFML game.obj : error LNK2019: unresolved external symbol "__declspec(dllimport) public: __cdecl sf::Color::Color(unsigned char,unsigned char,unsigned char,unsigned char)" (__imp_??0Color@sf@@QEAA@EEEE@Z) referenced in function main
SFML game.obj : error LNK2019: unresolved external symbol "__declspec(dllimport) public: void __cdecl sf::Shape::setFillColor(class sf::Color const &)" (__imp_?setFillColor@Shape@sf@@QEAAXAEBVColor@2@@Z) referenced in function "public: __cdecl Map::Map(class sf::RenderWindow *)" (??0Map@@QEAA@PEAVRenderWindow@sf@@@Z)
SFML game.obj : error LNK2019: unresolved external symbol "__declspec(dllimport) public: __cdecl sf::RectangleShape::RectangleShape(class sf::Vector2<float> const &)" (__imp_??0RectangleShape@sf@@QEAA@AEBV?$Vector2@M@1@@Z) referenced in function "public: __cdecl Map::Map(class sf::RenderWindow *)" (??0Map@@QEAA@PEAVRenderWindow@sf@@@Z)
SFML game.obj : error LNK2019: unresolved external symbol "__declspec(dllimport) public: void __cdecl sf::RectangleShape::setSize(class sf::Vector2<float> const &)" (__imp_?setSize@RectangleShape@sf@@QEAAXAEBV?$Vector2@M@2@@Z) referenced in function "public: __cdecl Map::Map(class sf::RenderWindow *)" (??0Map@@QEAA@PEAVRenderWindow@sf@@@Z)
SFML game.obj : error LNK2019: unresolved external symbol "__declspec(dllimport) public: virtual __cdecl sf::RectangleShape::~RectangleShape(void)" (__imp_??1RectangleShape@sf@@UEAA@XZ) referenced in function "public: __cdecl Map::Map(class sf::RenderWindow *)" (??0Map@@QEAA@PEAVRenderWindow@sf@@@Z)
SFML game.obj : error LNK2019: unresolved external symbol "__declspec(dllimport) public: class sf::RectangleShape & __cdecl sf::RectangleShape::operator=(class sf::RectangleShape &&)" (__imp_??4RectangleShape@sf@@QEAAAEAV01@$$QEAV01@@Z) referenced in function "public: __cdecl Map::Map(class sf::RenderWindow *)" (??0Map@@QEAA@PEAVRenderWindow@sf@@@Z)
SFML game.obj : error LNK2019: unresolved external symbol "__declspec(dllimport) public: __cdecl sf::View::View(void)" (__imp_??0View@sf@@QEAA@XZ) referenced in function "public: __cdecl PlayerObject::PlayerObject(void)" (??0PlayerObject@@QEAA@XZ)
SFML game.obj : error LNK2019: unresolved external symbol "__declspec(dllimport) public: void __cdecl sf::View::setCenter(class sf::Vector2<float> const &)" (__imp_?setCenter@View@sf@@QEAAXAEBV?$Vector2@M@2@@Z) referenced in function "public: void __cdecl PlayerObject::StepPlayer(void)" (?StepPlayer@PlayerObject@@QEAAXXZ)
SFML game.obj : error LNK2019: unresolved external symbol "__declspec(dllimport) public: void __cdecl sf::View::setSize(class sf::Vector2<float> const &)" (__imp_?setSize@View@sf@@QEAAXAEBV?$Vector2@M@2@@Z) referenced in function "public: __cdecl PlayerObject::PlayerObject(void)" (??0PlayerObject@@QEAA@XZ)
SFML game.obj : error LNK2019: unresolved external symbol "__declspec(dllimport) public: class sf::Vector2<float> const & __cdecl sf::View::getCenter(void)const " (__imp_?getCenter@View@sf@@QEBAAEBV?$Vector2@M@2@XZ) referenced in function "public: void __cdecl Map::DrawMap(class sf::View &)" (?DrawMap@Map@@QEAAXAEAVView@sf@@@Z)
SFML game.obj : error LNK2019: unresolved external symbol "__declspec(dllimport) public: class sf::Vector2<float> const & __cdecl sf::View::getSize(void)const " (__imp_?getSize@View@sf@@QEBAAEBV?$Vector2@M@2@XZ) referenced in function "public: void __cdecl Map::DrawMap(class sf::View &)" (?DrawMap@Map@@QEAAXAEAVView@sf@@@Z)
SFML game.obj : error LNK2019: unresolved external symbol "__declspec(dllimport) public: void __cdecl sf::RenderTarget::clear(class sf::Color const &)" (__imp_?clear@RenderTarget@sf@@QEAAXAEBVColor@2@@Z) referenced in function main
SFML game.obj : error LNK2019: unresolved external symbol "__declspec(dllimport) public: void __cdecl sf::RenderTarget::setView(class sf::View const &)" (__imp_?setView@RenderTarget@sf@@QEAAXAEBVView@2@@Z) referenced in function main
SFML game.obj : error LNK2019: unresolved external symbol "__declspec(dllimport) public: void __cdecl sf::RenderTarget::draw(class sf::Drawable const &,class sf::RenderStates const &)" (__imp_?draw@RenderTarget@sf@@QEAAXAEBVDrawable@2@AEBVRenderStates@2@@Z) referenced in function "public: void __cdecl Map::DrawMap(class sf::View &)" (?DrawMap@Map@@QEAAXAEAVView@sf@@@Z)
SFML game.obj : error LNK2019: unresolved external symbol "__declspec(dllimport) public: __cdecl sf::RenderWindow::RenderWindow(class sf::VideoMode,class sf::String const &,unsigned int,struct sf::ContextSettings const &)" (__imp_??0RenderWindow@sf@@QEAA@VVideoMode@1@AEBVString@1@IAEBUContextSettings@1@@Z) referenced in function main
SFML game.obj : error LNK2019: unresolved external symbol "__declspec(dllimport) public: virtual __cdecl sf::RenderWindow::~RenderWindow(void)" (__imp_??1RenderWindow@sf@@UEAA@XZ) referenced in function main
SFML game.obj : error LNK2001: unresolved external symbol "__declspec(dllimport) public: static class sf::RenderStates const sf::RenderStates::Default" (__imp_?Default@RenderStates@sf@@2V12@B)
SFML game.obj : error LNK2001: unresolved external symbol "__declspec(dllimport) public: static class sf::Color const sf::Color::Blue" (__imp_?Blue@Color@sf@@2V12@B)
C:\Users\heath.sargent\Documents\Visual Studio 2015\Projects\SFML game\x64\Debug\SFML game.exe : fatal error LNK1120: 31 unresolved externals
